06/05/2003 - 21:11:57 ==> Fichier D:\WorldYB\log\WorldYB_06052003.log cree.
06/05/2003 - 21:11:57 ==> Bleu
06/05/2003 - 21:11:57 ==> Blanc
06/05/2003 - 21:11:57 ==> Rouge
06/05/2003 - 21:11:57 ==> Jupiter
06/05/2003 - 21:11:57 ==> Uranus
06/05/2003 - 21:11:57 ==> Neptune
06/05/2003 - 21:13:10 ==> Bleu
06/05/2003 - 21:13:10 ==> Blanc
06/05/2003 - 21:13:10 ==> Rouge
06/05/2003 - 21:13:10 ==> Jupiter
06/05/2003 - 21:13:10 ==> Uranus
06/05/2003 - 21:13:10 ==> Neptune
06/05/2003 - 21:14:37 ==> Bleu
06/05/2003 - 21:14:37 ==> Blanc
06/05/2003 - 21:14:37 ==> Rouge
06/05/2003 - 21:14:37 ==> Jupiter
06/05/2003 - 21:14:37 ==> Uranus
06/05/2003 - 21:14:37 ==> Neptune
06/05/2003 - 21:15:50 ==> Bleu
06/05/2003 - 21:15:50 ==> Blanc
06/05/2003 - 21:15:50 ==> Rouge
06/05/2003 - 21:15:50 ==> Jupiter
06/05/2003 - 21:15:50 ==> Uranus
06/05/2003 - 21:15:50 ==> Neptune
06/05/2003 - 21:15:50 ==> balise-xml
06/05/2003 - 21:18:04 ==> Bleu
06/05/2003 - 21:18:04 ==> Blanc
06/05/2003 - 21:18:04 ==> Rouge
06/05/2003 - 21:18:04 ==> Jupiter
06/05/2003 - 21:18:04 ==> Uranus
06/05/2003 - 21:18:04 ==> Neptune
06/05/2003 - 21:18:04 ==> balise-xml
06/05/2003 - 21:18:20 ==> Bleu
06/05/2003 - 21:18:20 ==> Blanc
06/05/2003 - 21:18:20 ==> Rouge
06/05/2003 - 21:18:20 ==> Jupiter
06/05/2003 - 21:18:20 ==> Uranus
06/05/2003 - 21:18:20 ==> Neptune
06/05/2003 - 21:18:20 ==> balise-xml
06/05/2003 - 21:18:34 ==> Bleu
06/05/2003 - 21:18:34 ==> Blanc
06/05/2003 - 21:18:34 ==> Rouge
06/05/2003 - 21:18:34 ==> Jupiter
06/05/2003 - 21:18:34 ==> Uranus
06/05/2003 - 21:18:34 ==> Neptune
06/05/2003 - 21:18:34 ==> XXXbalise-xmlZZZ
06/05/2003 - 21:19:49 ==> Bleu
06/05/2003 - 21:19:49 ==> Blanc
06/05/2003 - 21:19:49 ==> Rouge
06/05/2003 - 21:19:49 ==> Jupiter
06/05/2003 - 21:19:49 ==> Uranus
06/05/2003 - 21:19:49 ==> Neptune
06/05/2003 - 21:19:49 ==> balise-xml
06/05/2003 - 21:20:01 ==> Bleu
06/05/2003 - 21:20:01 ==> Blanc
06/05/2003 - 21:20:01 ==> Rouge
06/05/2003 - 21:20:01 ==> Jupiter
06/05/2003 - 21:20:01 ==> Uranus
06/05/2003 - 21:20:01 ==> Neptune
06/05/2003 - 21:20:01 ==> Xbalise-xmlD
06/05/2003 - 21:20:11 ==> Bleu
06/05/2003 - 21:20:11 ==> Blanc
06/05/2003 - 21:20:11 ==> Rouge
06/05/2003 - 21:20:11 ==> Jupiter
06/05/2003 - 21:20:11 ==> Uranus
06/05/2003 - 21:20:11 ==> Neptune
06/05/2003 - 21:20:11 ==> balise-xml
06/05/2003 - 21:22:02 ==> Bleu
06/05/2003 - 21:22:02 ==> Blanc
06/05/2003 - 21:22:02 ==> Rouge
06/05/2003 - 21:22:02 ==> Jupiter
06/05/2003 - 21:22:02 ==> Uranus
06/05/2003 - 21:22:03 ==> Neptune
06/05/2003 - 21:22:03 ==> balise-xml
06/05/2003 - 21:22:04 ==> Bleu
06/05/2003 - 21:22:04 ==> Blanc
06/05/2003 - 21:22:04 ==> Rouge
06/05/2003 - 21:22:04 ==> Jupiter
06/05/2003 - 21:22:04 ==> Uranus
06/05/2003 - 21:22:04 ==> Neptune
06/05/2003 - 21:22:04 ==> balise-xml
06/05/2003 - 21:22:05 ==> Bleu
06/05/2003 - 21:22:05 ==> Blanc
06/05/2003 - 21:22:05 ==> Rouge
06/05/2003 - 21:22:05 ==> Jupiter
06/05/2003 - 21:22:05 ==> Uranus
06/05/2003 - 21:22:05 ==> Neptune
06/05/2003 - 21:22:05 ==> balise-xml
06/05/2003 - 21:22:16 ==> Bleu
06/05/2003 - 21:22:16 ==> Blanc
06/05/2003 - 21:22:16 ==> Rouge
06/05/2003 - 21:22:16 ==> Jupiter
06/05/2003 - 21:22:16 ==> Uranus
06/05/2003 - 21:22:16 ==> Neptune
06/05/2003 - 21:22:16 ==> balise-xml
06/05/2003 - 21:24:09 ==> Bleu
06/05/2003 - 21:24:09 ==> Blanc
06/05/2003 - 21:24:09 ==> Rouge
06/05/2003 - 21:24:09 ==> Jupiter
06/05/2003 - 21:24:09 ==> Uranus
06/05/2003 - 21:24:09 ==> Neptune
06/05/2003 - 21:24:09 ==> balise-xml
06/05/2003 - 21:25:39 ==> Bleu
06/05/2003 - 21:25:39 ==> Blanc
06/05/2003 - 21:25:39 ==> Rouge
06/05/2003 - 21:25:39 ==> Jupiter
06/05/2003 - 21:25:39 ==> Uranus
06/05/2003 - 21:25:39 ==> Neptune
06/05/2003 - 21:25:39 ==> balise-xml
