24/06/2003 - 19:48:30 ==> Fichier D:\WorldYB\log\WorldYB_24062003.log cree.
24/06/2003 - 19:48:30 ==> 1
24/06/2003 - 19:49:00 ==> 1
24/06/2003 - 19:49:00 ==> 0
24/06/2003 - 19:49:45 ==> Bleu
24/06/2003 - 19:49:45 ==> Blanc
24/06/2003 - 19:49:45 ==> Rouge
24/06/2003 - 19:49:45 ==> Jupiter
24/06/2003 - 19:49:45 ==> Uranus
24/06/2003 - 19:49:45 ==> Neptune
24/06/2003 - 19:49:45 ==> balise-xml
24/06/2003 - 19:49:45 ==> Bleu
24/06/2003 - 19:49:45 ==> Blanc
24/06/2003 - 19:49:45 ==> Default Value
24/06/2003 - 19:49:52 ==> 1
24/06/2003 - 19:49:52 ==> 0
24/06/2003 - 19:51:18 ==> 1
24/06/2003 - 19:51:18 ==> 0
24/06/2003 - 19:51:22 ==> 1
24/06/2003 - 19:51:22 ==> 0
24/06/2003 - 21:23:05 ==> ==> Debut du chargement de l'application.
24/06/2003 - 21:23:05 ==> <login>
24/06/2003 - 21:23:05 ==> <user>
24/06/2003 - 21:23:05 ==> User : brossard
24/06/2003 - 21:23:05 ==> </user>
24/06/2003 - 21:23:05 ==> <password>
24/06/2003 - 21:23:05 ==> Password : kenavo
24/06/2003 - 21:23:05 ==> </password>
24/06/2003 - 21:23:05 ==> </login>
24/06/2003 - 21:23:05 ==> ==> Fin du chargement de l'application.
24/06/2003 - 21:35:15 ==> ==> Debut du chargement de l'application.
24/06/2003 - 21:35:15 ==> <login>
24/06/2003 - 21:35:15 ==> <user>
24/06/2003 - 21:35:15 ==> User : brossard
24/06/2003 - 21:35:15 ==> </user>
24/06/2003 - 21:35:15 ==> <password>
24/06/2003 - 21:35:15 ==> Password : kenavo
24/06/2003 - 21:35:15 ==> </password>
24/06/2003 - 21:35:15 ==> </login>
24/06/2003 - 21:35:15 ==> ==> Fin du chargement de l'application.
24/06/2003 - 21:35:46 ==> ==> Debut du chargement de l'application.
24/06/2003 - 21:35:46 ==> <login>
24/06/2003 - 21:35:46 ==> <user>
24/06/2003 - 21:35:46 ==> brossard
24/06/2003 - 21:35:46 ==> </user>
24/06/2003 - 21:35:46 ==> <password>
24/06/2003 - 21:35:46 ==> kenavo
24/06/2003 - 21:35:46 ==> </password>
24/06/2003 - 21:35:46 ==> </login>
24/06/2003 - 21:35:46 ==> ==> Fin du chargement de l'application.
24/06/2003 - 21:36:16 ==> ==> Debut du chargement de l'application.
24/06/2003 - 21:36:17 ==> <login>
24/06/2003 - 21:36:17 ==> <user>
24/06/2003 - 21:36:17 ==> brossard
24/06/2003 - 21:36:17 ==> </user>
24/06/2003 - 21:36:17 ==> <password>
24/06/2003 - 21:36:17 ==> kenavo
24/06/2003 - 21:36:17 ==> </password>
24/06/2003 - 21:36:17 ==> </login>
24/06/2003 - 21:36:17 ==> ==> Fin du chargement de l'application.
24/06/2003 - 21:36:39 ==> Debut du chargement de l'application.
24/06/2003 - 21:36:39 ==> <login>
24/06/2003 - 21:36:39 ==> <user>
24/06/2003 - 21:36:39 ==> brossard
24/06/2003 - 21:36:39 ==> </user>
24/06/2003 - 21:36:39 ==> <password>
24/06/2003 - 21:36:39 ==> kenavo
24/06/2003 - 21:36:39 ==> </password>
24/06/2003 - 21:36:39 ==> </login>
24/06/2003 - 21:36:39 ==> Fin du chargement de l'application.
24/06/2003 - 21:39:14 ==> Debut du chargement de l'application.
24/06/2003 - 21:39:14 ==> <login>
24/06/2003 - 21:39:14 ==> <user>
24/06/2003 - 21:39:14 ==> brossard
24/06/2003 - 21:39:14 ==> </user>
24/06/2003 - 21:39:14 ==> <password>
24/06/2003 - 21:39:15 ==> kenavo
24/06/2003 - 21:39:15 ==> </password>
24/06/2003 - 21:39:15 ==> </login>
24/06/2003 - 21:39:15 ==> Fin du chargement de l'application.
24/06/2003 - 21:39:29 ==> Debut du chargement de l'application.
24/06/2003 - 21:39:36 ==> Debut du chargement de l'application.
24/06/2003 - 21:39:36 ==> <login>
24/06/2003 - 21:39:36 ==> <user>
24/06/2003 - 21:39:36 ==> brossard
24/06/2003 - 21:39:36 ==> </user>
24/06/2003 - 21:39:36 ==> <password>
24/06/2003 - 21:39:36 ==> kenavo
24/06/2003 - 21:39:36 ==> </password>
24/06/2003 - 21:39:36 ==> </login>
24/06/2003 - 21:39:36 ==> Fin du chargement de l'application.
24/06/2003 - 21:39:58 ==> Debut du chargement de l'application.
24/06/2003 - 21:40:18 ==> Debut du chargement de l'application.
24/06/2003 - 21:40:18 ==> <login>
24/06/2003 - 21:40:18 ==> <user>
24/06/2003 - 21:40:18 ==> brossard
24/06/2003 - 21:40:18 ==> </user>
24/06/2003 - 21:40:18 ==> <password>
24/06/2003 - 21:40:18 ==> kenavo
24/06/2003 - 21:40:18 ==> </password>
24/06/2003 - 21:40:18 ==> </login>
24/06/2003 - 21:40:18 ==> Fin du chargement de l'application.
