04/07/2002 - 19 H 45 M 47 ==> Fichier D:\WorldYB\log\World_04072002.log cree.
04/07/2002 - 19 H 45 M 47 ==> Date : Thu Jul 04 19:45:47 CEST 2002
04/07/2002 - 19 H 45 M 47 ==> Date convertie en chaine : 04/07/2002
04/07/2002 - 19 H 45 M 47 ==> Date reconvertie en date : Thu Jul 04 00:00:00 CEST 2002
04/07/2002 - 19 H 45 M 47 ==> Date reconvertie en chaine (changement de format) : 04-07-2002
04/07/2002 - 19 H 45 M 51 ==> Recuperation d'une connexion aupres de la base de donnees
04/07/2002 - 19 H 45 M 51 ==> Enregistrement du driver OK
04/07/2002 - 19 H 45 M 52 ==> Erreur : Interrogation de la base de donnees.
04/07/2002 - 19 H 48 M 48 ==> Recuperation d'une connexion aupres de la base de donnees
04/07/2002 - 19 H 48 M 48 ==> Enregistrement du driver OK
04/07/2002 - 19 H 48 M 48 ==> Erreur : Interrogation de la base de donnees.
04/07/2002 - 19 H 48 M 58 ==> Recuperation d'une connexion aupres de la base de donnees
04/07/2002 - 19 H 48 M 58 ==> Enregistrement du driver OK
04/07/2002 - 19 H 48 M 58 ==> Erreur : Interrogation de la base de donnees.
04/07/2002 - 19 H 49 M 41 ==> Recuperation d'une connexion aupres de la base de donnees
04/07/2002 - 19 H 49 M 41 ==> Enregistrement du driver OK
04/07/2002 - 19 H 49 M 41 ==> Erreur : Interrogation de la base de donnees.
04/07/2002 - 20 H 00 M 05 ==> Recuperation d'une connexion aupres de la base de donnees
04/07/2002 - 20 H 00 M 05 ==> Enregistrement du driver OK
04/07/2002 - 20 H 00 M 05 ==> Erreur : Interrogation de la base de donnees.
04/07/2002 - 20 H 01 M 00 ==> Recuperation d'une connexion aupres de la base de donnees
04/07/2002 - 20 H 01 M 00 ==> Enregistrement du driver OK
04/07/2002 - 20 H 01 M 00 ==> Erreur : Interrogation de la base de donnees.
