04/06/2003 - 20:49:00 ==> Fichier D:\WorldYB\log\WorldYB_04062003.log cree.
04/06/2003 - 20:49:00 ==> Bleu
04/06/2003 - 20:49:00 ==> Blanc
04/06/2003 - 20:49:00 ==> Rouge
04/06/2003 - 20:49:00 ==> Jupiter
04/06/2003 - 20:49:00 ==> Uranus
04/06/2003 - 20:49:00 ==> Neptune
04/06/2003 - 20:49:00 ==> balise-xml
04/06/2003 - 20:49:00 ==> Bleu
04/06/2003 - 20:49:19 ==> Bleu
04/06/2003 - 20:49:19 ==> Blanc
04/06/2003 - 20:49:19 ==> Rouge
04/06/2003 - 20:49:19 ==> Jupiter
04/06/2003 - 20:49:19 ==> Uranus
04/06/2003 - 20:49:19 ==> Neptune
04/06/2003 - 20:49:19 ==> balise-xml
04/06/2003 - 20:49:19 ==> Ble
04/06/2003 - 20:49:58 ==> Bleu
04/06/2003 - 20:49:58 ==> Blanc
04/06/2003 - 20:49:58 ==> Rouge
04/06/2003 - 20:49:58 ==> Jupiter
04/06/2003 - 20:49:58 ==> Uranus
04/06/2003 - 20:49:58 ==> Neptune
04/06/2003 - 20:49:58 ==> balise-xml
04/06/2003 - 20:49:58 ==> Bleu
04/06/2003 - 20:49:58 ==> |
04/06/2003 - 20:51:09 ==> Bleu
04/06/2003 - 20:51:09 ==> Blanc
04/06/2003 - 20:51:09 ==> Rouge
04/06/2003 - 20:51:09 ==> Jupiter
04/06/2003 - 20:51:09 ==> Uranus
04/06/2003 - 20:51:09 ==> Neptune
04/06/2003 - 20:51:09 ==> balise-xml
04/06/2003 - 20:51:09 ==> Bleu
04/06/2003 - 20:51:09 ==> |
04/06/2003 - 20:51:27 ==> Bleu
04/06/2003 - 20:51:27 ==> Blanc
04/06/2003 - 20:51:27 ==> Rouge
04/06/2003 - 20:51:27 ==> Jupiter
04/06/2003 - 20:51:27 ==> Uranus
04/06/2003 - 20:51:27 ==> Neptune
04/06/2003 - 20:51:27 ==> balise-xml
04/06/2003 - 20:51:27 ==> Bleu
04/06/2003 - 20:51:27 ==> |
04/06/2003 - 20:52:06 ==> Bleu
04/06/2003 - 20:52:06 ==> Blanc
04/06/2003 - 20:52:06 ==> Rouge
04/06/2003 - 20:52:06 ==> Jupiter
04/06/2003 - 20:52:06 ==> Uranus
04/06/2003 - 20:52:06 ==> Neptune
04/06/2003 - 20:52:06 ==> balise-xml
04/06/2003 - 20:52:06 ==> Bleu
04/06/2003 - 20:52:06 ==> |Blanc
04/06/2003 - 20:52:23 ==> Bleu
04/06/2003 - 20:52:23 ==> Blanc
04/06/2003 - 20:52:23 ==> Rouge
04/06/2003 - 20:52:23 ==> Jupiter
04/06/2003 - 20:52:23 ==> Uranus
04/06/2003 - 20:52:23 ==> Neptune
04/06/2003 - 20:52:23 ==> balise-xml
04/06/2003 - 20:52:23 ==> Bleu
04/06/2003 - 20:52:23 ==> |Blan
04/06/2003 - 20:52:38 ==> Bleu
04/06/2003 - 20:52:38 ==> Blanc
04/06/2003 - 20:52:38 ==> Rouge
04/06/2003 - 20:52:38 ==> Jupiter
04/06/2003 - 20:52:38 ==> Uranus
04/06/2003 - 20:52:38 ==> Neptune
04/06/2003 - 20:52:38 ==> balise-xml
04/06/2003 - 20:52:38 ==> Bleu
04/06/2003 - 20:52:38 ==> Blanc
04/06/2003 - 20:54:55 ==> Bleu
04/06/2003 - 20:54:55 ==> Blanc
04/06/2003 - 20:54:55 ==> Rouge
04/06/2003 - 20:54:55 ==> Jupiter
04/06/2003 - 20:54:55 ==> Uranus
04/06/2003 - 20:54:55 ==> Neptune
04/06/2003 - 20:54:55 ==> balise-xml
04/06/2003 - 20:54:55 ==> Bleu
04/06/2003 - 20:54:55 ==> Blanc
04/06/2003 - 20:54:55 ==> 1
04/06/2003 - 20:55:03 ==> Bleu
04/06/2003 - 20:55:03 ==> Blanc
04/06/2003 - 20:55:03 ==> Rouge
04/06/2003 - 20:55:03 ==> Jupiter
04/06/2003 - 20:55:03 ==> Uranus
04/06/2003 - 20:55:03 ==> Neptune
04/06/2003 - 20:55:03 ==> balise-xml
04/06/2003 - 20:55:03 ==> Bleu
04/06/2003 - 20:55:03 ==> Blanc
04/06/2003 - 20:55:03 ==> 0
04/06/2003 - 20:56:21 ==> Bleu
04/06/2003 - 20:56:21 ==> Blanc
04/06/2003 - 20:56:21 ==> Rouge
04/06/2003 - 20:56:21 ==> Jupiter
04/06/2003 - 20:56:21 ==> Uranus
04/06/2003 - 20:56:21 ==> Neptune
04/06/2003 - 20:56:21 ==> balise-xml
04/06/2003 - 20:56:21 ==> Bleu
04/06/2003 - 20:56:21 ==> Blanc
04/06/2003 - 20:56:21 ==> 1
04/06/2003 - 20:56:21 ==> Value
04/06/2003 - 20:56:48 ==> Bleu
04/06/2003 - 20:56:48 ==> Blanc
04/06/2003 - 20:56:48 ==> Rouge
04/06/2003 - 20:56:48 ==> Jupiter
04/06/2003 - 20:56:48 ==> Uranus
04/06/2003 - 20:56:48 ==> Neptune
04/06/2003 - 20:56:48 ==> balise-xml
04/06/2003 - 20:56:48 ==> Bleu
04/06/2003 - 20:56:48 ==> Blanc
04/06/2003 - 20:56:48 ==> 1
04/06/2003 - 20:56:58 ==> Bleu
04/06/2003 - 20:56:58 ==> Blanc
04/06/2003 - 20:56:58 ==> Rouge
04/06/2003 - 20:56:58 ==> Jupiter
04/06/2003 - 20:56:58 ==> Uranus
04/06/2003 - 20:56:58 ==> Neptune
04/06/2003 - 20:56:58 ==> balise-xml
04/06/2003 - 20:56:58 ==> Bleu
04/06/2003 - 20:56:58 ==> Blanc
04/06/2003 - 20:56:58 ==> 1
04/06/2003 - 20:56:58 ==> Default Value
04/06/2003 - 20:57:36 ==> Bleu
04/06/2003 - 20:57:36 ==> Blanc
04/06/2003 - 20:57:36 ==> Rouge
04/06/2003 - 20:57:36 ==> Jupiter
04/06/2003 - 20:57:36 ==> Uranus
04/06/2003 - 20:57:36 ==> Neptune
04/06/2003 - 20:57:36 ==> balise-xml
04/06/2003 - 20:57:36 ==> Bleu
04/06/2003 - 20:57:36 ==> Blanc
04/06/2003 - 20:57:36 ==> 1
04/06/2003 - 20:57:36 ==> Default Value
04/06/2003 - 20:57:39 ==> Bleu
04/06/2003 - 20:57:39 ==> Blanc
04/06/2003 - 20:57:39 ==> Rouge
04/06/2003 - 20:57:39 ==> Jupiter
04/06/2003 - 20:57:39 ==> Uranus
04/06/2003 - 20:57:39 ==> Neptune
04/06/2003 - 20:57:39 ==> balise-xml
04/06/2003 - 20:57:52 ==> Bleu
04/06/2003 - 20:57:52 ==> Blanc
04/06/2003 - 20:57:52 ==> Rouge
04/06/2003 - 20:57:52 ==> Jupiter
04/06/2003 - 20:57:52 ==> Uranus
04/06/2003 - 20:57:52 ==> Neptune
04/06/2003 - 20:57:52 ==> balise-xml
04/06/2003 - 20:57:52 ==> Bleu
04/06/2003 - 20:57:52 ==> Blanc
04/06/2003 - 20:57:52 ==> 1
04/06/2003 - 20:57:52 ==> Default Value
04/06/2003 - 20:57:54 ==> Bleu
04/06/2003 - 20:57:54 ==> Blanc
04/06/2003 - 20:57:54 ==> Rouge
04/06/2003 - 20:57:54 ==> Jupiter
04/06/2003 - 20:57:54 ==> Uranus
04/06/2003 - 20:57:54 ==> Neptune
04/06/2003 - 20:57:54 ==> balise-xml
04/06/2003 - 20:57:54 ==> Bleu
04/06/2003 - 20:57:54 ==> Blanc
04/06/2003 - 20:57:54 ==> 1
04/06/2003 - 20:57:54 ==> Default Value
04/06/2003 - 20:57:55 ==> Bleu
04/06/2003 - 20:57:55 ==> Blanc
04/06/2003 - 20:57:55 ==> Rouge
04/06/2003 - 20:57:55 ==> Jupiter
04/06/2003 - 20:57:55 ==> Uranus
04/06/2003 - 20:57:55 ==> Neptune
04/06/2003 - 20:57:55 ==> balise-xml
04/06/2003 - 20:57:55 ==> Bleu
04/06/2003 - 20:57:55 ==> Blanc
04/06/2003 - 20:57:55 ==> 1
04/06/2003 - 20:57:55 ==> Default Value
04/06/2003 - 20:57:56 ==> Bleu
04/06/2003 - 20:57:56 ==> Blanc
04/06/2003 - 20:57:56 ==> Rouge
04/06/2003 - 20:57:56 ==> Jupiter
04/06/2003 - 20:57:56 ==> Uranus
04/06/2003 - 20:57:56 ==> Neptune
04/06/2003 - 20:57:56 ==> balise-xml
04/06/2003 - 20:57:56 ==> Bleu
04/06/2003 - 20:57:56 ==> Blanc
04/06/2003 - 20:57:56 ==> 1
04/06/2003 - 20:57:56 ==> Default Value
04/06/2003 - 20:57:58 ==> Bleu
04/06/2003 - 20:57:58 ==> Blanc
04/06/2003 - 20:57:58 ==> Rouge
04/06/2003 - 20:57:58 ==> Jupiter
04/06/2003 - 20:57:58 ==> Uranus
04/06/2003 - 20:57:58 ==> Neptune
04/06/2003 - 20:57:58 ==> balise-xml
04/06/2003 - 20:57:58 ==> Bleu
04/06/2003 - 20:57:58 ==> Blanc
04/06/2003 - 20:57:58 ==> 1
04/06/2003 - 20:57:58 ==> Default Value
