25/06/2003 - 19:24:01 ==> Fichier D:\WorldYB\log\WorldYB_25062003.log cree.
25/06/2003 - 19:24:01 ==> Debut du chargement de l'application.
25/06/2003 - 19:24:02 ==> <login>
25/06/2003 - 19:24:02 ==> <user>
25/06/2003 - 19:24:02 ==> brossard
25/06/2003 - 19:24:02 ==> </user>
25/06/2003 - 19:24:02 ==> <password>
25/06/2003 - 19:24:02 ==> kenavo
25/06/2003 - 19:24:02 ==> </password>
25/06/2003 - 19:24:02 ==> </login>
25/06/2003 - 19:24:02 ==> Fin du chargement de l'application.
25/06/2003 - 19:24:07 ==> Debut du chargement de l'application.
25/06/2003 - 19:24:07 ==> <login>
25/06/2003 - 19:24:07 ==> <user>
25/06/2003 - 19:24:07 ==> brossard
25/06/2003 - 19:24:07 ==> </user>
25/06/2003 - 19:24:07 ==> <password>
25/06/2003 - 19:24:07 ==> kenavo
25/06/2003 - 19:24:07 ==> </password>
25/06/2003 - 19:24:07 ==> </login>
25/06/2003 - 19:24:07 ==> Fin du chargement de l'application.
25/06/2003 - 19:24:34 ==> Debut du chargement de l'application.
25/06/2003 - 19:24:34 ==> <login>
25/06/2003 - 19:24:34 ==> <user>
25/06/2003 - 19:24:34 ==> brossard
25/06/2003 - 19:24:34 ==> </user>
25/06/2003 - 19:24:34 ==> <password>
25/06/2003 - 19:24:34 ==> kenavo
25/06/2003 - 19:24:34 ==> </password>
25/06/2003 - 19:24:34 ==> </login>
25/06/2003 - 19:24:34 ==> Fin du chargement de l'application.
25/06/2003 - 19:40:08 ==> Erreur : Envoi du mail.
25/06/2003 - 19:45:34 ==> Erreur : Envoi du mail.
25/06/2003 - 19:50:37 ==> Erreur : Envoi du mail.
25/06/2003 - 19:50:54 ==> Erreur : Envoi du mail.
25/06/2003 - 19:50:58 ==> Erreur : Envoi du mail.
